<?xml version="1.0" encoding="UTF-8"?>
<testsuite name="com.monster.ryan.springboot.web.HelloControllerTest" tests="2" skipped="0" failures="0" errors="0" timestamp="2021-07-07T09:38:00" hostname="RyanBook" time="0.285">
  <properties/>
  <testcase name="hello가_리턴된다" classname="com.monster.ryan.springboot.web.HelloControllerTest" time="0.221"/>
  <testcase name="helloDto가_리턴된다" classname="com.monster.ryan.springboot.web.HelloControllerTest" time="0.064"/>
  <system-out><![CDATA[18:37:57.880 [Test worker] DEBUG org.springframework.test.context.junit4.SpringJUnit4ClassRunner - SpringJUnit4ClassRunner constructor called with [class com.monster.ryan.springboot.web.HelloControllerTest]
18:37:57.897 [Test worker] DEBUG org.springframework.test.context.BootstrapUtils - Instantiating CacheAwareContextLoaderDelegate from class [org.springframework.test.context.cache.DefaultCacheAwareContextLoaderDelegate]
18:37:57.897 [Test worker] DEBUG org.springframework.test.context.BootstrapUtils - Instantiating BootstrapContext using constructor [public org.springframework.test.context.support.DefaultBootstrapContext(java.lang.Class,org.springframework.test.context.CacheAwareContextLoaderDelegate)]
18:37:57.914 [Test worker] DEBUG org.springframework.test.context.BootstrapUtils - Instantiating TestContextBootstrapper for test class [com.monster.ryan.springboot.web.HelloControllerTest] from class [org.springframework.boot.test.autoconfigure.web.servlet.WebMvcTestContextBootstrapper]
18:37:57.930 [Test worker] INFO org.springframework.boot.test.autoconfigure.web.servlet.WebMvcTestContextBootstrapper - Neither @ContextConfiguration nor @ContextHierarchy found for test class [com.monster.ryan.springboot.web.HelloControllerTest], using SpringBootContextLoader
18:37:57.930 [Test worker] DEBUG org.springframework.test.context.support.AbstractContextLoader - Did not detect default resource location for test class [com.monster.ryan.springboot.web.HelloControllerTest]: class path resource [com/monster/ryan/springboot/web/HelloControllerTest-context.xml] does not exist
18:37:57.930 [Test worker] DEBUG org.springframework.test.context.support.AbstractContextLoader - Did not detect default resource location for test class [com.monster.ryan.springboot.web.HelloControllerTest]: class path resource [com/monster/ryan/springboot/web/HelloControllerTestContext.groovy] does not exist
18:37:57.930 [Test worker] INFO org.springframework.test.context.support.AbstractContextLoader - Could not detect default resource locations for test class [com.monster.ryan.springboot.web.HelloControllerTest]: no resource found for suffixes {-context.xml, Context.groovy}.
18:37:57.930 [Test worker] INFO org.springframework.test.context.support.AnnotationConfigContextLoaderUtils - Could not detect default configuration classes for test class [com.monster.ryan.springboot.web.HelloControllerTest]: HelloControllerTest does not declare any static, non-private, non-final, nested classes annotated with @Configuration.
18:37:57.978 [Test worker] DEBUG org.springframework.test.context.support.ActiveProfilesUtils - Could not find an 'annotation declaring class' for annotation type [org.springframework.test.context.ActiveProfiles] and class [com.monster.ryan.springboot.web.HelloControllerTest]
18:37:58.043 [Test worker] DEBUG org.springframework.context.annotation.ClassPathScanningCandidateComponentProvider - Identified candidate component class: file [C:\Spring_Study\study-springboot-webservice\build\classes\java\main\com\monster\ryan\springboot\Application.class]
18:37:58.043 [Test worker] INFO org.springframework.boot.test.context.SpringBootTestContextBootstrapper - Found @SpringBootConfiguration com.monster.ryan.springboot.Application for test class com.monster.ryan.springboot.web.HelloControllerTest
18:37:58.043 [Test worker] DEBUG org.springframework.boot.test.autoconfigure.web.servlet.WebMvcTestContextBootstrapper - @TestExecutionListeners is not present for class [com.monster.ryan.springboot.web.HelloControllerTest]: using defaults.
18:37:58.043 [Test worker] INFO org.springframework.boot.test.autoconfigure.web.servlet.WebMvcTestContextBootstrapper - Loaded default TestExecutionListener class names from location [META-INF/spring.factories]: [org.springframework.security.test.context.support.WithSecurityContextTestExecutionListener, org.springframework.security.test.context.support.ReactorContextTestExecutionListener, org.springframework.boot.test.autoconfigure.restdocs.RestDocsTestExecutionListener, org.springframework.boot.test.autoconfigure.web.client.MockRestServiceServerResetTestExecutionListener, org.springframework.boot.test.autoconfigure.web.servlet.MockMvcPrintOnlyOnFailureTestExecutionListener, org.springframework.boot.test.autoconfigure.web.servlet.WebDriverTestExecutionListener, org.springframework.boot.test.mock.mockito.MockitoTestExecutionListener, org.springframework.boot.test.mock.mockito.ResetMocksTestExecutionListener, org.springframework.test.context.web.ServletTestExecutionListener, org.springframework.test.context.support.DirtiesContextBeforeModesTestExecutionListener, org.springframework.test.context.support.DependencyInjectionTestExecutionListener, org.springframework.test.context.support.DirtiesContextTestExecutionListener, org.springframework.test.context.transaction.TransactionalTestExecutionListener, org.springframework.test.context.jdbc.SqlScriptsTestExecutionListener]
18:37:58.059 [Test worker] INFO org.springframework.boot.test.autoconfigure.web.servlet.WebMvcTestContextBootstrapper - Using TestExecutionListeners: [org.springframework.test.context.web.ServletTestExecutionListener@7ac412f1, org.springframework.test.context.support.DirtiesContextBeforeModesTestExecutionListener@243b5b59, org.springframework.boot.test.mock.mockito.MockitoTestExecutionListener@cd10ff7, org.springframework.boot.test.autoconfigure.SpringBootDependencyInjectionTestExecutionListener@25b03286, org.springframework.test.context.support.DirtiesContextTestExecutionListener@7fb9ff5b, org.springframework.test.context.transaction.TransactionalTestExecutionListener@1268266, org.springframework.test.context.jdbc.SqlScriptsTestExecutionListener@50c9b02, org.springframework.security.test.context.support.WithSecurityContextTestExecutionListener@218cad27, org.springframework.security.test.context.support.ReactorContextTestExecutionListener@117fcd6a, org.springframework.boot.test.autoconfigure.restdocs.RestDocsTestExecutionListener@247f5891, org.springframework.boot.test.autoconfigure.web.client.MockRestServiceServerResetTestExecutionListener@454a1397, org.springframework.boot.test.autoconfigure.web.servlet.MockMvcPrintOnlyOnFailureTestExecutionListener@1eb6b8c, org.springframework.boot.test.autoconfigure.web.servlet.WebDriverTestExecutionListener@6e90e246, org.springframework.boot.test.mock.mockito.ResetMocksTestExecutionListener@307584d5]
18:37:58.075 [Test worker] DEBUG org.springframework.test.annotation.ProfileValueUtils - Retrieved @ProfileValueSourceConfiguration [null] for test class [com.monster.ryan.springboot.web.HelloControllerTest]
18:37:58.075 [Test worker] DEBUG org.springframework.test.annotation.ProfileValueUtils - Retrieved ProfileValueSource type [class org.springframework.test.annotation.SystemProfileValueSource] for class [com.monster.ryan.springboot.web.HelloControllerTest]
18:37:58.075 [Test worker] DEBUG org.springframework.test.annotation.ProfileValueUtils - Retrieved @ProfileValueSourceConfiguration [null] for test class [com.monster.ryan.springboot.web.HelloControllerTest]
18:37:58.075 [Test worker] DEBUG org.springframework.test.annotation.ProfileValueUtils - Retrieved ProfileValueSource type [class org.springframework.test.annotation.SystemProfileValueSource] for class [com.monster.ryan.springboot.web.HelloControllerTest]
18:37:58.075 [Test worker] DEBUG org.springframework.test.context.support.AbstractDirtiesContextTestExecutionListener - Before test class: context [DefaultTestContext@3cfa431e testClass = HelloControllerTest, testInstance = [null], testMethod = [null], testException = [null], mergedContextConfiguration = [WebMergedContextConfiguration@1487732c testClass = HelloControllerTest, locations = '{}', classes = '{class com.monster.ryan.springboot.Application}', contextInitializerClasses = '[]', activeProfiles = '{}', propertySourceLocations = '{}', propertySourceProperties = '{org.springframework.boot.test.autoconfigure.web.servlet.WebMvcTestContextBootstrapper=true}', contextCustomizers = set[org.springframework.boot.test.autoconfigure.OverrideAutoConfigurationContextCustomizerFactory$DisableAutoConfigurationContextCustomizer@4a6c14c5, org.springframework.boot.test.autoconfigure.filter.TypeExcludeFiltersContextCustomizer@ca45722c, org.springframework.boot.test.autoconfigure.properties.PropertyMappingContextCustomizer@f4dbc4c8, org.springframework.boot.test.autoconfigure.web.servlet.WebDriverContextCustomizerFactory$Customizer@5a56d402, [ImportsContextCustomizer@52f8189a key = [org.springframework.boot.autoconfigure.cache.CacheAutoConfiguration, org.springframework.boot.autoconfigure.context.MessageSourceAutoConfiguration, org.springframework.boot.autoconfigure.data.web.SpringDataWebAutoConfiguration, org.springframework.boot.autoconfigure.freemarker.FreeMarkerAutoConfiguration, org.springframework.boot.autoconfigure.groovy.template.GroovyTemplateAutoConfiguration, org.springframework.boot.autoconfigure.gson.GsonAutoConfiguration, org.springframework.boot.autoconfigure.hateoas.HypermediaAutoConfiguration, org.springframework.boot.autoconfigure.http.HttpMessageConvertersAutoConfiguration, org.springframework.boot.autoconfigure.jackson.JacksonAutoConfiguration, org.springframework.boot.autoconfigure.jsonb.JsonbAutoConfiguration, org.springframework.boot.autoconfigure.mustache.MustacheAutoConfiguration, org.springframework.boot.autoconfigure.task.TaskExecutionAutoConfiguration, org.springframework.boot.autoconfigure.thymeleaf.ThymeleafAutoConfiguration, org.springframework.boot.autoconfigure.validation.ValidationAutoConfiguration, org.springframework.boot.autoconfigure.web.servlet.error.ErrorMvcAutoConfiguration, org.springframework.boot.autoconfigure.web.servlet.WebMvcAutoConfiguration, org.springframework.boot.test.autoconfigure.web.servlet.MockMvcAutoConfiguration, org.springframework.boot.test.autoconfigure.web.servlet.MockMvcSecurityAutoConfiguration, org.springframework.boot.test.autoconfigure.web.servlet.MockMvcWebClientAutoConfiguration, org.springframework.boot.test.autoconfigure.web.servlet.MockMvcWebDriverAutoConfiguration]], org.springframework.boot.test.context.filter.ExcludeFilterContextCustomizer@39d57175, org.springframework.boot.test.json.DuplicateJsonObjectContextCustomizerFactory$DuplicateJsonObjectContextCustomizer@548074a0, org.springframework.boot.test.mock.mockito.MockitoContextCustomizer@0], resourceBasePath = 'src/main/webapp', contextLoader = 'org.springframework.boot.test.context.SpringBootContextLoader', parent = [null]], attributes = map[[empty]]], class annotated with @DirtiesContext [false] with mode [null].
18:37:58.075 [Test worker] DEBUG org.springframework.test.annotation.ProfileValueUtils - Retrieved @ProfileValueSourceConfiguration [null] for test class [com.monster.ryan.springboot.web.HelloControllerTest]
18:37:58.075 [Test worker] DEBUG org.springframework.test.annotation.ProfileValueUtils - Retrieved ProfileValueSource type [class org.springframework.test.annotation.SystemProfileValueSource] for class [com.monster.ryan.springboot.web.HelloControllerTest]
18:37:58.075 [Test worker] DEBUG org.springframework.test.context.support.DependencyInjectionTestExecutionListener - Performing dependency injection for test context [[DefaultTestContext@3cfa431e testClass = HelloControllerTest, testInstance = com.monster.ryan.springboot.web.HelloControllerTest@57a48b52, testMethod = [null], testException = [null], mergedContextConfiguration = [WebMergedContextConfiguration@1487732c testClass = HelloControllerTest, locations = '{}', classes = '{class com.monster.ryan.springboot.Application}', contextInitializerClasses = '[]', activeProfiles = '{}', propertySourceLocations = '{}', propertySourceProperties = '{org.springframework.boot.test.autoconfigure.web.servlet.WebMvcTestContextBootstrapper=true}', contextCustomizers = set[org.springframework.boot.test.autoconfigure.OverrideAutoConfigurationContextCustomizerFactory$DisableAutoConfigurationContextCustomizer@4a6c14c5, org.springframework.boot.test.autoconfigure.filter.TypeExcludeFiltersContextCustomizer@ca45722c, org.springframework.boot.test.autoconfigure.properties.PropertyMappingContextCustomizer@f4dbc4c8, org.springframework.boot.test.autoconfigure.web.servlet.WebDriverContextCustomizerFactory$Customizer@5a56d402, [ImportsContextCustomizer@52f8189a key = [org.springframework.boot.autoconfigure.cache.CacheAutoConfiguration, org.springframework.boot.autoconfigure.context.MessageSourceAutoConfiguration, org.springframework.boot.autoconfigure.data.web.SpringDataWebAutoConfiguration, org.springframework.boot.autoconfigure.freemarker.FreeMarkerAutoConfiguration, org.springframework.boot.autoconfigure.groovy.template.GroovyTemplateAutoConfiguration, org.springframework.boot.autoconfigure.gson.GsonAutoConfiguration, org.springframework.boot.autoconfigure.hateoas.HypermediaAutoConfiguration, org.springframework.boot.autoconfigure.http.HttpMessageConvertersAutoConfiguration, org.springframework.boot.autoconfigure.jackson.JacksonAutoConfiguration, org.springframework.boot.autoconfigure.jsonb.JsonbAutoConfiguration, org.springframework.boot.autoconfigure.mustache.MustacheAutoConfiguration, org.springframework.boot.autoconfigure.task.TaskExecutionAutoConfiguration, org.springframework.boot.autoconfigure.thymeleaf.ThymeleafAutoConfiguration, org.springframework.boot.autoconfigure.validation.ValidationAutoConfiguration, org.springframework.boot.autoconfigure.web.servlet.error.ErrorMvcAutoConfiguration, org.springframework.boot.autoconfigure.web.servlet.WebMvcAutoConfiguration, org.springframework.boot.test.autoconfigure.web.servlet.MockMvcAutoConfiguration, org.springframework.boot.test.autoconfigure.web.servlet.MockMvcSecurityAutoConfiguration, org.springframework.boot.test.autoconfigure.web.servlet.MockMvcWebClientAutoConfiguration, org.springframework.boot.test.autoconfigure.web.servlet.MockMvcWebDriverAutoConfiguration]], org.springframework.boot.test.context.filter.ExcludeFilterContextCustomizer@39d57175, org.springframework.boot.test.json.DuplicateJsonObjectContextCustomizerFactory$DuplicateJsonObjectContextCustomizer@548074a0, org.springframework.boot.test.mock.mockito.MockitoContextCustomizer@0], resourceBasePath = 'src/main/webapp', contextLoader = 'org.springframework.boot.test.context.SpringBootContextLoader', parent = [null]], attributes = map[[empty]]]].
18:37:58.173 [Test worker] DEBUG org.springframework.test.context.support.TestPropertySourceUtils - Adding inlined properties to environment: {spring.jmx.enabled=false, org.springframework.boot.test.autoconfigure.web.servlet.WebMvcTestContextBootstrapper=true, server.port=-1}

  .   ____          _            __ _ _
 /\\ / ___'_ __ _ _(_)_ __  __ _ \ \ \ \
( ( )\___ | '_ | '_| | '_ \/ _` | \ \ \ \
 \\/  ___)| |_)| | | | | || (_| |  ) ) ) )
  '  |____| .__|_| |_|_| |_\__, | / / / /
 =========|_|==============|___/=/_/_/_/
 :: Spring Boot ::        (v2.1.7.RELEASE)

2021-07-07 18:37:58.427  INFO 12224 --- [    Test worker] c.m.r.s.web.HelloControllerTest          : Starting HelloControllerTest on RyanBook with PID 12224 (started by wsdf2 in C:\Spring_Study\study-springboot-webservice)
2021-07-07 18:37:58.444  INFO 12224 --- [    Test worker] c.m.r.s.web.HelloControllerTest          : The following profiles are active: oauth
2021-07-07 18:37:59.597  INFO 12224 --- [    Test worker] o.s.s.concurrent.ThreadPoolTaskExecutor  : Initializing ExecutorService 'applicationTaskExecutor'
2021-07-07 18:37:59.677  INFO 12224 --- [    Test worker] o.s.b.a.w.s.WelcomePageHandlerMapping    : Adding welcome page template: index
2021-07-07 18:37:59.954  INFO 12224 --- [    Test worker] .s.s.UserDetailsServiceAutoConfiguration : 

Using generated security password: e6096033-3890-47ef-9e57-b7f86ff4a46d

2021-07-07 18:38:00.182  INFO 12224 --- [    Test worker] o.s.s.web.DefaultSecurityFilterChain     : Creating filter chain: any request, [org.springframework.security.web.context.request.async.WebAsyncManagerIntegrationFilter@1c7b1ad, org.springframework.security.web.context.SecurityContextPersistenceFilter@3401e023, org.springframework.security.web.header.HeaderWriterFilter@1a817fef, org.springframework.security.web.csrf.CsrfFilter@305aadba, org.springframework.security.web.authentication.logout.LogoutFilter@2040ce19, org.springframework.security.web.authentication.UsernamePasswordAuthenticationFilter@636317f0, org.springframework.security.web.authentication.ui.DefaultLoginPageGeneratingFilter@4d7e7b98, org.springframework.security.web.authentication.ui.DefaultLogoutPageGeneratingFilter@1fd0632d, org.springframework.security.web.authentication.www.BasicAuthenticationFilter@23c0f6d8, org.springframework.security.web.savedrequest.RequestCacheAwareFilter@6a861080, org.springframework.security.web.servletapi.SecurityContextHolderAwareRequestFilter@5dc65939, org.springframework.security.web.authentication.AnonymousAuthenticationFilter@2d04ee78, org.springframework.security.web.session.SessionManagementFilter@b7de24, org.springframework.security.web.access.ExceptionTranslationFilter@41f7ec88, org.springframework.security.web.access.intercept.FilterSecurityInterceptor@155a3a1d]
2021-07-07 18:38:00.220  INFO 12224 --- [    Test worker] o.s.b.t.m.w.SpringBootMockServletContext : Initializing Spring TestDispatcherServlet ''
2021-07-07 18:38:00.220  INFO 12224 --- [    Test worker] o.s.t.web.servlet.TestDispatcherServlet  : Initializing Servlet ''
2021-07-07 18:38:00.236  INFO 12224 --- [    Test worker] o.s.t.web.servlet.TestDispatcherServlet  : Completed initialization in 16 ms
2021-07-07 18:38:00.269  INFO 12224 --- [    Test worker] c.m.r.s.web.HelloControllerTest          : Started HelloControllerTest in 2.096 seconds (JVM running for 3.118)
]]></system-out>
  <system-err><![CDATA[]]></system-err>
</testsuite>
