<?xml version="1.0" encoding="UTF-8"?>
<testsuite name="com.monster.ryan.springboot.domain.posts.PostsRepositoryTest" tests="2" skipped="0" failures="0" errors="0" timestamp="2021-07-07T09:38:04" hostname="RyanBook" time="0.22">
  <properties/>
  <testcase name="게시글저장_불러오기" classname="com.monster.ryan.springboot.domain.posts.PostsRepositoryTest" time="0.208"/>
  <testcase name="BaseTimeEntity_등록" classname="com.monster.ryan.springboot.domain.posts.PostsRepositoryTest" time="0.011"/>
  <system-out><![CDATA[2021-07-07 18:38:00.561  INFO 12224 --- [    Test worker] .b.t.c.SpringBootTestContextBootstrapper : Neither @ContextConfiguration nor @ContextHierarchy found for test class [com.monster.ryan.springboot.domain.posts.PostsRepositoryTest], using SpringBootContextLoader
2021-07-07 18:38:00.561  INFO 12224 --- [    Test worker] o.s.t.c.support.AbstractContextLoader    : Could not detect default resource locations for test class [com.monster.ryan.springboot.domain.posts.PostsRepositoryTest]: no resource found for suffixes {-context.xml, Context.groovy}.
2021-07-07 18:38:00.561  INFO 12224 --- [    Test worker] t.c.s.AnnotationConfigContextLoaderUtils : Could not detect default configuration classes for test class [com.monster.ryan.springboot.domain.posts.PostsRepositoryTest]: PostsRepositoryTest does not declare any static, non-private, non-final, nested classes annotated with @Configuration.
2021-07-07 18:38:00.577  INFO 12224 --- [    Test worker] .b.t.c.SpringBootTestContextBootstrapper : Found @SpringBootConfiguration com.monster.ryan.springboot.Application for test class com.monster.ryan.springboot.domain.posts.PostsRepositoryTest
2021-07-07 18:38:00.577  INFO 12224 --- [    Test worker] .b.t.c.SpringBootTestContextBootstrapper : Loaded default TestExecutionListener class names from location [META-INF/spring.factories]: [org.springframework.security.test.context.support.WithSecurityContextTestExecutionListener, org.springframework.security.test.context.support.ReactorContextTestExecutionListener, org.springframework.boot.test.autoconfigure.restdocs.RestDocsTestExecutionListener, org.springframework.boot.test.autoconfigure.web.client.MockRestServiceServerResetTestExecutionListener, org.springframework.boot.test.autoconfigure.web.servlet.MockMvcPrintOnlyOnFailureTestExecutionListener, org.springframework.boot.test.autoconfigure.web.servlet.WebDriverTestExecutionListener, org.springframework.boot.test.mock.mockito.MockitoTestExecutionListener, org.springframework.boot.test.mock.mockito.ResetMocksTestExecutionListener, org.springframework.test.context.web.ServletTestExecutionListener, org.springframework.test.context.support.DirtiesContextBeforeModesTestExecutionListener, org.springframework.test.context.support.DependencyInjectionTestExecutionListener, org.springframework.test.context.support.DirtiesContextTestExecutionListener, org.springframework.test.context.transaction.TransactionalTestExecutionListener, org.springframework.test.context.jdbc.SqlScriptsTestExecutionListener]
2021-07-07 18:38:00.577  INFO 12224 --- [    Test worker] .b.t.c.SpringBootTestContextBootstrapper : Using TestExecutionListeners: [org.springframework.test.context.web.ServletTestExecutionListener@7b091835, org.springframework.test.context.support.DirtiesContextBeforeModesTestExecutionListener@69177643, org.springframework.boot.test.mock.mockito.MockitoTestExecutionListener@3035fc22, org.springframework.boot.test.autoconfigure.SpringBootDependencyInjectionTestExecutionListener@3fa46547, org.springframework.test.context.support.DirtiesContextTestExecutionListener@c5f1a36, org.springframework.test.context.transaction.TransactionalTestExecutionListener@5ea8d090, org.springframework.test.context.jdbc.SqlScriptsTestExecutionListener@41e3e38b, org.springframework.security.test.context.support.WithSecurityContextTestExecutionListener@5d7128ad, org.springframework.security.test.context.support.ReactorContextTestExecutionListener@290b179f, org.springframework.boot.test.autoconfigure.restdocs.RestDocsTestExecutionListener@313f6e7e, org.springframework.boot.test.autoconfigure.web.client.MockRestServiceServerResetTestExecutionListener@6f1e2c69, org.springframework.boot.test.autoconfigure.web.servlet.MockMvcPrintOnlyOnFailureTestExecutionListener@3b7e4567, org.springframework.boot.test.autoconfigure.web.servlet.WebDriverTestExecutionListener@4ab80a78, org.springframework.boot.test.mock.mockito.ResetMocksTestExecutionListener@3ec1cf]

  .   ____          _            __ _ _
 /\\ / ___'_ __ _ _(_)_ __  __ _ \ \ \ \
( ( )\___ | '_ | '_| | '_ \/ _` | \ \ \ \
 \\/  ___)| |_)| | | | | || (_| |  ) ) ) )
  '  |____| .__|_| |_|_| |_\__, | / / / /
 =========|_|==============|___/=/_/_/_/
 :: Spring Boot ::        (v2.1.7.RELEASE)

2021-07-07 18:38:00.609  INFO 12224 --- [    Test worker] c.m.r.s.d.posts.PostsRepositoryTest      : Starting PostsRepositoryTest on RyanBook with PID 12224 (started by wsdf2 in C:\Spring_Study\study-springboot-webservice)
2021-07-07 18:38:00.609  INFO 12224 --- [    Test worker] c.m.r.s.d.posts.PostsRepositoryTest      : The following profiles are active: oauth
2021-07-07 18:38:00.968  INFO 12224 --- [    Test worker] .s.d.r.c.RepositoryConfigurationDelegate : Bootstrapping Spring Data repositories in DEFAULT mode.
2021-07-07 18:38:01.034  INFO 12224 --- [    Test worker] .s.d.r.c.RepositoryConfigurationDelegate : Finished Spring Data repository scanning in 66ms. Found 2 repository interfaces.
2021-07-07 18:38:01.279  INFO 12224 --- [    Test worker] trationDelegate$BeanPostProcessorChecker : Bean 'org.springframework.transaction.annotation.ProxyTransactionManagementConfiguration' of type [org.springframework.transaction.annotation.ProxyTransactionManagementConfiguration$$EnhancerBySpringCGLIB$$3c40e490] is not eligible for getting processed by all BeanPostProcessors (for example: not eligible for auto-proxying)
2021-07-07 18:38:01.458  INFO 12224 --- [    Test worker] com.zaxxer.hikari.HikariDataSource       : HikariPool-1 - Starting...
2021-07-07 18:38:01.618  INFO 12224 --- [    Test worker] com.zaxxer.hikari.HikariDataSource       : HikariPool-1 - Start completed.
2021-07-07 18:38:01.715  INFO 12224 --- [    Test worker] o.hibernate.jpa.internal.util.LogHelper  : HHH000204: Processing PersistenceUnitInfo [
	name: default
	...]
2021-07-07 18:38:01.795  INFO 12224 --- [    Test worker] org.hibernate.Version                    : HHH000412: Hibernate Core {5.3.10.Final}
2021-07-07 18:38:01.795  INFO 12224 --- [    Test worker] org.hibernate.cfg.Environment            : HHH000206: hibernate.properties not found
2021-07-07 18:38:01.844  INFO 12224 --- [    Test worker] o.hibernate.annotations.common.Version   : HCANN000001: Hibernate Commons Annotations {5.0.4.Final}
2021-07-07 18:38:02.040  INFO 12224 --- [    Test worker] org.hibernate.dialect.Dialect            : HHH000400: Using dialect: org.hibernate.dialect.MySQL5InnoDBDialect
Hibernate: drop table if exists hibernate_sequence
Hibernate: drop table if exists posts
Hibernate: drop table if exists user
Hibernate: create table hibernate_sequence (next_val bigint) engine=InnoDB
Hibernate: insert into hibernate_sequence values ( 1 )
Hibernate: create table posts (id bigint not null auto_increment, created_date datetime, modified_date datetime, author varchar(255), content TEXT not null, title varchar(500) not null, primary key (id)) engine=InnoDB
Hibernate: create table user (id bigint not null, created_date datetime, modified_date datetime, email varchar(255) not null, name varchar(255) not null, picture varchar(255), role varchar(255) not null, primary key (id)) engine=InnoDB
2021-07-07 18:38:02.863  INFO 12224 --- [    Test worker] o.h.t.schema.internal.SchemaCreatorImpl  : HHH000476: Executing import script 'org.hibernate.tool.schema.internal.exec.ScriptSourceInputNonExistentImpl@50e4225a'
2021-07-07 18:38:02.863  INFO 12224 --- [    Test worker] j.LocalContainerEntityManagerFactoryBean : Initialized JPA EntityManagerFactory for persistence unit 'default'
2021-07-07 18:38:03.349  INFO 12224 --- [    Test worker] o.h.h.i.QueryTranslatorFactoryInitiator  : HHH000397: Using ASTQueryTranslatorFactory
2021-07-07 18:38:03.626  INFO 12224 --- [    Test worker] o.s.s.web.DefaultSecurityFilterChain     : Creating filter chain: any request, [org.springframework.security.web.context.request.async.WebAsyncManagerIntegrationFilter@17ae90a, org.springframework.security.web.context.SecurityContextPersistenceFilter@5f1cc3e1, org.springframework.security.web.header.HeaderWriterFilter@6822f2bd, org.springframework.security.web.authentication.logout.LogoutFilter@5f3ef20e, org.springframework.security.oauth2.client.web.OAuth2AuthorizationRequestRedirectFilter@14562754, org.springframework.security.oauth2.client.web.OAuth2LoginAuthenticationFilter@6bb73c41, org.springframework.security.web.authentication.ui.DefaultLoginPageGeneratingFilter@668436f4, org.springframework.security.web.authentication.ui.DefaultLogoutPageGeneratingFilter@7a8b7260, org.springframework.security.web.savedrequest.RequestCacheAwareFilter@79f44b8e, org.springframework.security.web.servletapi.SecurityContextHolderAwareRequestFilter@6bce917, org.springframework.security.web.authentication.AnonymousAuthenticationFilter@288c0c44, org.springframework.security.web.session.SessionManagementFilter@68a10f23, org.springframework.security.web.access.ExceptionTranslationFilter@24e045c1, org.springframework.security.web.access.intercept.FilterSecurityInterceptor@4ec089ec]
2021-07-07 18:38:03.985  INFO 12224 --- [    Test worker] o.s.s.concurrent.ThreadPoolTaskExecutor  : Initializing ExecutorService 'applicationTaskExecutor'
2021-07-07 18:38:03.985  WARN 12224 --- [    Test worker] aWebConfiguration$JpaWebMvcConfiguration : spring.jpa.open-in-view is enabled by default. Therefore, database queries may be performed during view rendering. Explicitly configure spring.jpa.open-in-view to disable this warning
2021-07-07 18:38:04.017  INFO 12224 --- [    Test worker] o.s.b.a.w.s.WelcomePageHandlerMapping    : Adding welcome page template: index
2021-07-07 18:38:04.381  INFO 12224 --- [    Test worker] s.a.ScheduledAnnotationBeanPostProcessor : No TaskScheduler/ScheduledExecutorService bean found for scheduled processing
2021-07-07 18:38:04.398  INFO 12224 --- [    Test worker] c.m.r.s.d.posts.PostsRepositoryTest      : Started PostsRepositoryTest in 3.821 seconds (JVM running for 7.239)
Hibernate: insert into posts (created_date, modified_date, author, content, title) values (?, ?, ?, ?, ?)
Hibernate: select posts0_.id as id1_0_, posts0_.created_date as created_2_0_, posts0_.modified_date as modified3_0_, posts0_.author as author4_0_, posts0_.content as content5_0_, posts0_.title as title6_0_ from posts posts0_
Hibernate: select posts0_.id as id1_0_, posts0_.created_date as created_2_0_, posts0_.modified_date as modified3_0_, posts0_.author as author4_0_, posts0_.content as content5_0_, posts0_.title as title6_0_ from posts posts0_
Hibernate: delete from posts where id=?
Hibernate: insert into posts (created_date, modified_date, author, content, title) values (?, ?, ?, ?, ?)
Hibernate: select posts0_.id as id1_0_, posts0_.created_date as created_2_0_, posts0_.modified_date as modified3_0_, posts0_.author as author4_0_, posts0_.content as content5_0_, posts0_.title as title6_0_ from posts posts0_
>>>>>>>>> createDate=2021-07-07T18:38:04.608, modifiedDate=2021-07-07T18:38:04.608
Hibernate: select posts0_.id as id1_0_, posts0_.created_date as created_2_0_, posts0_.modified_date as modified3_0_, posts0_.author as author4_0_, posts0_.content as content5_0_, posts0_.title as title6_0_ from posts posts0_
Hibernate: delete from posts where id=?
]]></system-out>
  <system-err><![CDATA[]]></system-err>
</testsuite>
