<?xml version="1.0" encoding="UTF-8"?>
<testsuite name="com.monster.ryan.springboot.web.IndexControllerTest" tests="1" skipped="0" failures="0" errors="0" timestamp="2021-07-07T09:38:06" hostname="RyanBook" time="0.172">
  <properties/>
  <testcase name="메인페이지_이동" classname="com.monster.ryan.springboot.web.IndexControllerTest" time="0.172"/>
  <system-out><![CDATA[2021-07-07 18:38:04.625  INFO 12224 --- [    Test worker] .b.t.c.SpringBootTestContextBootstrapper : Neither @ContextConfiguration nor @ContextHierarchy found for test class [com.monster.ryan.springboot.web.IndexControllerTest], using SpringBootContextLoader
2021-07-07 18:38:04.625  INFO 12224 --- [    Test worker] o.s.t.c.support.AbstractContextLoader    : Could not detect default resource locations for test class [com.monster.ryan.springboot.web.IndexControllerTest]: no resource found for suffixes {-context.xml, Context.groovy}.
2021-07-07 18:38:04.625  INFO 12224 --- [    Test worker] t.c.s.AnnotationConfigContextLoaderUtils : Could not detect default configuration classes for test class [com.monster.ryan.springboot.web.IndexControllerTest]: IndexControllerTest does not declare any static, non-private, non-final, nested classes annotated with @Configuration.
2021-07-07 18:38:04.625  INFO 12224 --- [    Test worker] .b.t.c.SpringBootTestContextBootstrapper : Found @SpringBootConfiguration com.monster.ryan.springboot.Application for test class com.monster.ryan.springboot.web.IndexControllerTest
2021-07-07 18:38:04.625  INFO 12224 --- [    Test worker] .b.t.c.SpringBootTestContextBootstrapper : Loaded default TestExecutionListener class names from location [META-INF/spring.factories]: [org.springframework.security.test.context.support.WithSecurityContextTestExecutionListener, org.springframework.security.test.context.support.ReactorContextTestExecutionListener, org.springframework.boot.test.autoconfigure.restdocs.RestDocsTestExecutionListener, org.springframework.boot.test.autoconfigure.web.client.MockRestServiceServerResetTestExecutionListener, org.springframework.boot.test.autoconfigure.web.servlet.MockMvcPrintOnlyOnFailureTestExecutionListener, org.springframework.boot.test.autoconfigure.web.servlet.WebDriverTestExecutionListener, org.springframework.boot.test.mock.mockito.MockitoTestExecutionListener, org.springframework.boot.test.mock.mockito.ResetMocksTestExecutionListener, org.springframework.test.context.web.ServletTestExecutionListener, org.springframework.test.context.support.DirtiesContextBeforeModesTestExecutionListener, org.springframework.test.context.support.DependencyInjectionTestExecutionListener, org.springframework.test.context.support.DirtiesContextTestExecutionListener, org.springframework.test.context.transaction.TransactionalTestExecutionListener, org.springframework.test.context.jdbc.SqlScriptsTestExecutionListener]
2021-07-07 18:38:04.625  INFO 12224 --- [    Test worker] .b.t.c.SpringBootTestContextBootstrapper : Using TestExecutionListeners: [org.springframework.test.context.web.ServletTestExecutionListener@7040a91a, org.springframework.test.context.support.DirtiesContextBeforeModesTestExecutionListener@562aa0d1, org.springframework.boot.test.mock.mockito.MockitoTestExecutionListener@6580d674, org.springframework.boot.test.autoconfigure.SpringBootDependencyInjectionTestExecutionListener@23e2d2f9, org.springframework.test.context.support.DirtiesContextTestExecutionListener@569fa7e6, org.springframework.test.context.transaction.TransactionalTestExecutionListener@5530a9cc, org.springframework.test.context.jdbc.SqlScriptsTestExecutionListener@3660f668, org.springframework.security.test.context.support.WithSecurityContextTestExecutionListener@3208f47, org.springframework.security.test.context.support.ReactorContextTestExecutionListener@282ba852, org.springframework.boot.test.autoconfigure.restdocs.RestDocsTestExecutionListener@78051a52, org.springframework.boot.test.autoconfigure.web.client.MockRestServiceServerResetTestExecutionListener@4967708c, org.springframework.boot.test.autoconfigure.web.servlet.MockMvcPrintOnlyOnFailureTestExecutionListener@4eba8450, org.springframework.boot.test.autoconfigure.web.servlet.WebDriverTestExecutionListener@3ba6dced, org.springframework.boot.test.mock.mockito.ResetMocksTestExecutionListener@6b218641]

  .   ____          _            __ _ _
 /\\ / ___'_ __ _ _(_)_ __  __ _ \ \ \ \
( ( )\___ | '_ | '_| | '_ \/ _` | \ \ \ \
 \\/  ___)| |_)| | | | | || (_| |  ) ) ) )
  '  |____| .__|_| |_|_| |_\__, | / / / /
 =========|_|==============|___/=/_/_/_/
 :: Spring Boot ::        (v2.1.7.RELEASE)

2021-07-07 18:38:04.657  INFO 12224 --- [    Test worker] c.m.r.s.web.IndexControllerTest          : Starting IndexControllerTest on RyanBook with PID 12224 (started by wsdf2 in C:\Spring_Study\study-springboot-webservice)
2021-07-07 18:38:04.657  INFO 12224 --- [    Test worker] c.m.r.s.web.IndexControllerTest          : The following profiles are active: oauth
2021-07-07 18:38:04.851  INFO 12224 --- [    Test worker] .s.d.r.c.RepositoryConfigurationDelegate : Bootstrapping Spring Data repositories in DEFAULT mode.
2021-07-07 18:38:04.867  INFO 12224 --- [    Test worker] .s.d.r.c.RepositoryConfigurationDelegate : Finished Spring Data repository scanning in 16ms. Found 2 repository interfaces.
2021-07-07 18:38:04.970  INFO 12224 --- [    Test worker] trationDelegate$BeanPostProcessorChecker : Bean 'org.springframework.transaction.annotation.ProxyTransactionManagementConfiguration' of type [org.springframework.transaction.annotation.ProxyTransactionManagementConfiguration$$EnhancerBySpringCGLIB$$3c40e490] is not eligible for getting processed by all BeanPostProcessors (for example: not eligible for auto-proxying)
2021-07-07 18:38:05.218  INFO 12224 --- [    Test worker] o.s.b.w.embedded.tomcat.TomcatWebServer  : Tomcat initialized with port(s): 0 (http)
2021-07-07 18:38:05.250  INFO 12224 --- [    Test worker] o.apache.catalina.core.StandardService   : Starting service [Tomcat]
2021-07-07 18:38:05.250  INFO 12224 --- [    Test worker] org.apache.catalina.core.StandardEngine  : Starting Servlet engine: [Apache Tomcat/9.0.22]
2021-07-07 18:38:05.394  INFO 12224 --- [    Test worker] o.a.c.c.C.[Tomcat].[localhost].[/]       : Initializing Spring embedded WebApplicationContext
2021-07-07 18:38:05.394  INFO 12224 --- [    Test worker] o.s.web.context.ContextLoader            : Root WebApplicationContext: initialization completed in 737 ms
2021-07-07 18:38:05.539  INFO 12224 --- [    Test worker] com.zaxxer.hikari.HikariDataSource       : HikariPool-2 - Starting...
2021-07-07 18:38:05.539  INFO 12224 --- [    Test worker] com.zaxxer.hikari.HikariDataSource       : HikariPool-2 - Start completed.
2021-07-07 18:38:05.572  INFO 12224 --- [    Test worker] o.hibernate.jpa.internal.util.LogHelper  : HHH000204: Processing PersistenceUnitInfo [
	name: default
	...]
2021-07-07 18:38:05.572  INFO 12224 --- [    Test worker] org.hibernate.dialect.Dialect            : HHH000400: Using dialect: org.hibernate.dialect.MySQL5InnoDBDialect
Hibernate: drop table if exists hibernate_sequence
Hibernate: drop table if exists posts
Hibernate: drop table if exists user
Hibernate: create table hibernate_sequence (next_val bigint) engine=InnoDB
Hibernate: insert into hibernate_sequence values ( 1 )
Hibernate: create table posts (id bigint not null auto_increment, created_date datetime, modified_date datetime, author varchar(255), content TEXT not null, title varchar(500) not null, primary key (id)) engine=InnoDB
Hibernate: create table user (id bigint not null, created_date datetime, modified_date datetime, email varchar(255) not null, name varchar(255) not null, picture varchar(255), role varchar(255) not null, primary key (id)) engine=InnoDB
2021-07-07 18:38:05.632  INFO 12224 --- [    Test worker] o.h.t.schema.internal.SchemaCreatorImpl  : HHH000476: Executing import script 'org.hibernate.tool.schema.internal.exec.ScriptSourceInputNonExistentImpl@50e4225a'
2021-07-07 18:38:05.632  INFO 12224 --- [    Test worker] j.LocalContainerEntityManagerFactoryBean : Initialized JPA EntityManagerFactory for persistence unit 'default'
2021-07-07 18:38:05.893  INFO 12224 --- [    Test worker] o.h.h.i.QueryTranslatorFactoryInitiator  : HHH000397: Using ASTQueryTranslatorFactory
2021-07-07 18:38:06.027  INFO 12224 --- [    Test worker] o.s.s.web.DefaultSecurityFilterChain     : Creating filter chain: any request, [org.springframework.security.web.context.request.async.WebAsyncManagerIntegrationFilter@57091a45, org.springframework.security.web.context.SecurityContextPersistenceFilter@6c33a8a5, org.springframework.security.web.header.HeaderWriterFilter@341b5eb5, org.springframework.security.web.authentication.logout.LogoutFilter@254bcea, org.springframework.security.oauth2.client.web.OAuth2AuthorizationRequestRedirectFilter@1a81778f, org.springframework.security.oauth2.client.web.OAuth2LoginAuthenticationFilter@61350337, org.springframework.security.web.authentication.ui.DefaultLoginPageGeneratingFilter@73d344b5, org.springframework.security.web.authentication.ui.DefaultLogoutPageGeneratingFilter@4c797e12, org.springframework.security.web.savedrequest.RequestCacheAwareFilter@48304d83, org.springframework.security.web.servletapi.SecurityContextHolderAwareRequestFilter@26304cc6, org.springframework.security.web.authentication.AnonymousAuthenticationFilter@5d55451d, org.springframework.security.web.session.SessionManagementFilter@63a6c20f, org.springframework.security.web.access.ExceptionTranslationFilter@651837ef, org.springframework.security.web.access.intercept.FilterSecurityInterceptor@f828d23]
2021-07-07 18:38:06.208  INFO 12224 --- [    Test worker] o.s.s.concurrent.ThreadPoolTaskExecutor  : Initializing ExecutorService 'applicationTaskExecutor'
2021-07-07 18:38:06.224  WARN 12224 --- [    Test worker] aWebConfiguration$JpaWebMvcConfiguration : spring.jpa.open-in-view is enabled by default. Therefore, database queries may be performed during view rendering. Explicitly configure spring.jpa.open-in-view to disable this warning
2021-07-07 18:38:06.240  INFO 12224 --- [    Test worker] o.s.b.a.w.s.WelcomePageHandlerMapping    : Adding welcome page template: index
2021-07-07 18:38:06.459  INFO 12224 --- [    Test worker] s.a.ScheduledAnnotationBeanPostProcessor : No TaskScheduler/ScheduledExecutorService bean found for scheduled processing
2021-07-07 18:38:06.475  INFO 12224 --- [    Test worker] o.s.b.w.embedded.tomcat.TomcatWebServer  : Tomcat started on port(s): 14478 (http) with context path ''
2021-07-07 18:38:06.475  INFO 12224 --- [    Test worker] c.m.r.s.web.IndexControllerTest          : Started IndexControllerTest in 1.85 seconds (JVM running for 9.318)
2021-07-07 18:38:06.556  INFO 12224 --- [o-auto-1-exec-1] o.a.c.c.C.[Tomcat].[localhost].[/]       : Initializing Spring DispatcherServlet 'dispatcherServlet'
2021-07-07 18:38:06.556  INFO 12224 --- [o-auto-1-exec-1] o.s.web.servlet.DispatcherServlet        : Initializing Servlet 'dispatcherServlet'
2021-07-07 18:38:06.573  INFO 12224 --- [o-auto-1-exec-1] o.s.web.servlet.DispatcherServlet        : Completed initialization in 17 ms
Hibernate: select posts0_.id as id1_0_, posts0_.created_date as created_2_0_, posts0_.modified_date as modified3_0_, posts0_.author as author4_0_, posts0_.content as content5_0_, posts0_.title as title6_0_ from posts posts0_ order by posts0_.id DESC
]]></system-out>
  <system-err><![CDATA[]]></system-err>
</testsuite>
