<?xml version="1.0" encoding="UTF-8"?>
<testsuite name="com.monster.ryan.springboot.web.PostApiControllerTest" tests="2" skipped="0" failures="0" errors="0" timestamp="2021-07-07T09:38:06" hostname="RyanBook" time="0.087">
  <properties/>
  <testcase name="Posts_등록된다" classname="com.monster.ryan.springboot.web.PostApiControllerTest" time="0.061"/>
  <testcase name="Posts_수정된다" classname="com.monster.ryan.springboot.web.PostApiControllerTest" time="0.025"/>
  <system-out><![CDATA[2021-07-07 18:38:06.653  INFO 12224 --- [    Test worker] .b.t.c.SpringBootTestContextBootstrapper : Neither @ContextConfiguration nor @ContextHierarchy found for test class [com.monster.ryan.springboot.web.PostApiControllerTest], using SpringBootContextLoader
2021-07-07 18:38:06.653  INFO 12224 --- [    Test worker] o.s.t.c.support.AbstractContextLoader    : Could not detect default resource locations for test class [com.monster.ryan.springboot.web.PostApiControllerTest]: no resource found for suffixes {-context.xml, Context.groovy}.
2021-07-07 18:38:06.653  INFO 12224 --- [    Test worker] t.c.s.AnnotationConfigContextLoaderUtils : Could not detect default configuration classes for test class [com.monster.ryan.springboot.web.PostApiControllerTest]: PostApiControllerTest does not declare any static, non-private, non-final, nested classes annotated with @Configuration.
2021-07-07 18:38:06.653  INFO 12224 --- [    Test worker] .b.t.c.SpringBootTestContextBootstrapper : Found @SpringBootConfiguration com.monster.ryan.springboot.Application for test class com.monster.ryan.springboot.web.PostApiControllerTest
2021-07-07 18:38:06.653  INFO 12224 --- [    Test worker] .b.t.c.SpringBootTestContextBootstrapper : Loaded default TestExecutionListener class names from location [META-INF/spring.factories]: [org.springframework.security.test.context.support.WithSecurityContextTestExecutionListener, org.springframework.security.test.context.support.ReactorContextTestExecutionListener, org.springframework.boot.test.autoconfigure.restdocs.RestDocsTestExecutionListener, org.springframework.boot.test.autoconfigure.web.client.MockRestServiceServerResetTestExecutionListener, org.springframework.boot.test.autoconfigure.web.servlet.MockMvcPrintOnlyOnFailureTestExecutionListener, org.springframework.boot.test.autoconfigure.web.servlet.WebDriverTestExecutionListener, org.springframework.boot.test.mock.mockito.MockitoTestExecutionListener, org.springframework.boot.test.mock.mockito.ResetMocksTestExecutionListener, org.springframework.test.context.web.ServletTestExecutionListener, org.springframework.test.context.support.DirtiesContextBeforeModesTestExecutionListener, org.springframework.test.context.support.DependencyInjectionTestExecutionListener, org.springframework.test.context.support.DirtiesContextTestExecutionListener, org.springframework.test.context.transaction.TransactionalTestExecutionListener, org.springframework.test.context.jdbc.SqlScriptsTestExecutionListener]
2021-07-07 18:38:06.653  INFO 12224 --- [    Test worker] .b.t.c.SpringBootTestContextBootstrapper : Using TestExecutionListeners: [org.springframework.test.context.web.ServletTestExecutionListener@374dbb02, org.springframework.test.context.support.DirtiesContextBeforeModesTestExecutionListener@4e768eba, org.springframework.boot.test.mock.mockito.MockitoTestExecutionListener@2e5be472, org.springframework.boot.test.autoconfigure.SpringBootDependencyInjectionTestExecutionListener@59920ada, org.springframework.test.context.support.DirtiesContextTestExecutionListener@3dd3f41, org.springframework.test.context.transaction.TransactionalTestExecutionListener@792472de, org.springframework.test.context.jdbc.SqlScriptsTestExecutionListener@82d71fc, org.springframework.security.test.context.support.WithSecurityContextTestExecutionListener@41206ef9, org.springframework.security.test.context.support.ReactorContextTestExecutionListener@2b6d66ab, org.springframework.boot.test.autoconfigure.restdocs.RestDocsTestExecutionListener@7185439a, org.springframework.boot.test.autoconfigure.web.client.MockRestServiceServerResetTestExecutionListener@12446ec7, org.springframework.boot.test.autoconfigure.web.servlet.MockMvcPrintOnlyOnFailureTestExecutionListener@50d18dd0, org.springframework.boot.test.autoconfigure.web.servlet.WebDriverTestExecutionListener@1049e15f, org.springframework.boot.test.mock.mockito.ResetMocksTestExecutionListener@4b0bf95f]
2021-07-07 18:38:06.670  INFO 12224 --- [    Test worker] o.a.c.c.C.[Tomcat].[localhost].[/]       : Initializing Spring TestDispatcherServlet ''
2021-07-07 18:38:06.670  INFO 12224 --- [    Test worker] o.s.t.web.servlet.TestDispatcherServlet  : Initializing Servlet ''
2021-07-07 18:38:06.670  INFO 12224 --- [    Test worker] o.s.t.web.servlet.TestDispatcherServlet  : Completed initialization in 0 ms
Hibernate: insert into posts (created_date, modified_date, author, content, title) values (?, ?, ?, ?, ?)
Hibernate: select posts0_.id as id1_0_, posts0_.created_date as created_2_0_, posts0_.modified_date as modified3_0_, posts0_.author as author4_0_, posts0_.content as content5_0_, posts0_.title as title6_0_ from posts posts0_
Hibernate: select posts0_.id as id1_0_, posts0_.created_date as created_2_0_, posts0_.modified_date as modified3_0_, posts0_.author as author4_0_, posts0_.content as content5_0_, posts0_.title as title6_0_ from posts posts0_
Hibernate: delete from posts where id=?
2021-07-07 18:38:06.719  INFO 12224 --- [    Test worker] o.a.c.c.C.[Tomcat].[localhost].[/]       : Initializing Spring TestDispatcherServlet ''
2021-07-07 18:38:06.719  INFO 12224 --- [    Test worker] o.s.t.web.servlet.TestDispatcherServlet  : Initializing Servlet ''
2021-07-07 18:38:06.719  INFO 12224 --- [    Test worker] o.s.t.web.servlet.TestDispatcherServlet  : Completed initialization in 0 ms
Hibernate: insert into posts (created_date, modified_date, author, content, title) values (?, ?, ?, ?, ?)
Hibernate: select posts0_.id as id1_0_0_, posts0_.created_date as created_2_0_0_, posts0_.modified_date as modified3_0_0_, posts0_.author as author4_0_0_, posts0_.content as content5_0_0_, posts0_.title as title6_0_0_ from posts posts0_ where posts0_.id=?
Hibernate: update posts set created_date=?, modified_date=?, author=?, content=?, title=? where id=?
Hibernate: select posts0_.id as id1_0_, posts0_.created_date as created_2_0_, posts0_.modified_date as modified3_0_, posts0_.author as author4_0_, posts0_.content as content5_0_, posts0_.title as title6_0_ from posts posts0_
Hibernate: select posts0_.id as id1_0_, posts0_.created_date as created_2_0_, posts0_.modified_date as modified3_0_, posts0_.author as author4_0_, posts0_.content as content5_0_, posts0_.title as title6_0_ from posts posts0_
Hibernate: delete from posts where id=?
]]></system-out>
  <system-err><![CDATA[]]></system-err>
</testsuite>
